<!DOCTYPE html PUBLIC "-//W3C//DTD XHTML 1.1//EN" "http://www.w3.org/TR/xhtml11/DTD/xhtml11.dtd">
<html xmlns="http://www.w3.org/1999/xhtml">
<head>
<meta http-equiv="content-type" content="text/html; charset=UTF-8"/>
<title>TestNG Report</title>
<style type="text/css">table {margin-bottom:10px;border-collapse:collapse;empty-cells:show}th,td {border:1px solid #009;padding:.25em .5em}th {vertical-align:bottom}td {vertical-align:top}table a {font-weight:bold}.stripe td {background-color: #E6EBF9}.num {text-align:right}.passedodd td {background-color: #3F3}.passedeven td {background-color: #0A0}.skippedodd td {background-color: #DDD}.skippedeven td {background-color: #CCC}.failedodd td,.attn {background-color: #F33}.failedeven td,.stripe .attn {background-color: #D00}.stacktrace {white-space:pre;font-family:monospace}.totop {font-size:85%;text-align:center;border-bottom:2px solid #000}.invisible {display:none}</style>
</head>
<body>
<table>
<tr><th>Test</th><th># Passed</th><th># Skipped</th><th># Failed</th><th>Time (ms)</th><th>Included Groups</th><th>Excluded Groups</th></tr>
<tr><th colspan="7">Suite</th></tr>
<tr><td><a href="#t0">Error Validation</a></td><td class="num">1</td><td class="num attn">1</td><td class="num attn">1</td><td class="num">13,759</td><td></td><td></td></tr>
<tr class="stripe"><td><a href="#t1">Submit Order</a></td><td class="num">3</td><td class="num">0</td><td class="num">0</td><td class="num">30,166</td><td></td><td></td></tr>
<tr><th>Total</th><th class="num">4</th><th class="num attn">1</th><th class="num attn">1</th><th class="num">43,925</th><th colspan="2"></th></tr>
</table>
<table id='summary'><thead><tr><th>Class</th><th>Method</th><th>Start</th><th>Time (ms)</th></tr></thead><tbody><tr><th colspan="4">Suite</th></tr></tbody><tbody id="t0"><tr><th colspan="4">Error Validation &#8212; failed</th></tr><tr class="failedeven"><td rowspan="1">DemoProject.demo121122.ErrorValidationTest</td><td><a href="#m0">loginErrorValidation</a></td><td rowspan="1">1668620405446</td><td rowspan="1">974</td></tr><tr><th colspan="4">Error Validation &#8212; skipped</th></tr><tr class="skippedeven"><td rowspan="1">DemoProject.demo121122.ErrorValidationTest</td><td><a href="#m1">loginErrorValidation</a></td><td rowspan="1">1668620403583</td><td rowspan="1">618</td></tr><tr><th colspan="4">Error Validation &#8212; passed</th></tr><tr class="passedeven"><td rowspan="1">DemoProject.demo121122.ErrorValidationTest</td><td><a href="#m2">productErrorvalidation</a></td><td rowspan="1">1668620411030</td><td rowspan="1">2454</td></tr></tbody>
<tbody id="t1"><tr><th colspan="4">Submit Order &#8212; passed</th></tr><tr class="passedeven"><td rowspan="3">DemoProject.demo121122.SubmitOrderTest</td><td><a href="#m3">orderHistoryTest</a></td><td rowspan="1">1668620429059</td><td rowspan="1">682</td></tr><tr class="passedeven"><td><a href="#m4">submitOrder</a></td><td rowspan="2">1668620403457</td><td rowspan="2">3006</td></tr><tr class="passedeven"><td><a href="#m5">submitOrder</a></td></tr></tbody>
</table>
<h2>Error Validation</h2><h3 id="m0">DemoProject.demo121122.ErrorValidationTest#loginErrorValidation</h3><table class="result"><tr><th>Exception</th></tr><tr><td><div class="stacktrace">java.lang.AssertionError: expected [Incorrect email or password.] but found [Incorrect email password.]
	at DemoProject.demo121122.ErrorValidationTest.loginErrorValidation(ErrorValidationTest.java:23)
	at java.base/java.util.concurrent.FutureTask.run(FutureTask.java:264)
	at java.base/java.util.concurrent.ThreadPoolExecutor.runWorker(ThreadPoolExecutor.java:1128)
	at java.base/java.util.concurrent.ThreadPoolExecutor$Worker.run(ThreadPoolExecutor.java:628)
	at java.base/java.lang.Thread.run(Thread.java:834)
... Removed 22 stack frames</div></td></tr></table><p class="totop"><a href="#summary">back to summary</a></p>
<h3 id="m1">DemoProject.demo121122.ErrorValidationTest#loginErrorValidation</h3><table class="result"><tr><th>Exception</th></tr><tr><td><div class="stacktrace">java.lang.AssertionError: expected [Incorrect email or password.] but found [Incorrect email password.]
	at DemoProject.demo121122.ErrorValidationTest.loginErrorValidation(ErrorValidationTest.java:23)
	at java.base/java.util.concurrent.FutureTask.run(FutureTask.java:264)
	at java.base/java.util.concurrent.ThreadPoolExecutor.runWorker(ThreadPoolExecutor.java:1128)
	at java.base/java.util.concurrent.ThreadPoolExecutor$Worker.run(ThreadPoolExecutor.java:628)
	at java.base/java.lang.Thread.run(Thread.java:834)
... Removed 22 stack frames</div></td></tr></table><p class="totop"><a href="#summary">back to summary</a></p>
<h3 id="m2">DemoProject.demo121122.ErrorValidationTest#productErrorvalidation</h3><table class="result"><tr><th class="invisible"/></tr></table><p class="totop"><a href="#summary">back to summary</a></p>
<h2>Submit Order</h2><h3 id="m3">DemoProject.demo121122.SubmitOrderTest#orderHistoryTest</h3><table class="result"><tr><th class="invisible"/></tr></table><p class="totop"><a href="#summary">back to summary</a></p>
<h3 id="m4">DemoProject.demo121122.SubmitOrderTest#submitOrder</h3><table class="result"><tr class="param"><th>Parameter #1</th></tr><tr class="param stripe"><td>{productname=ZARA COAT 3, password=Mithun@123, email=kumbharmithun@gmail.com}</td></tr></table><p class="totop"><a href="#summary">back to summary</a></p>
<h3 id="m5">DemoProject.demo121122.SubmitOrderTest#submitOrder</h3><table class="result"><tr class="param"><th>Parameter #1</th></tr><tr class="param stripe"><td>{productname=ADIDAS ORIGINAL, password=Rajashri@123, email=rajashrikumbhar92@gmail.com}</td></tr></table><p class="totop"><a href="#summary">back to summary</a></p>
</body>
</html>
